# Log file created Wed Feb 18 17:41:04 CST 2015
# Format version 2.0
results/search_0064.csv
results/search_0064.out
results/search_0064.err
results/search_0033.csv
results/search_0033.out
results/search_0033.err
results/search_0070.csv
results/search_0070.out
results/search_0070.err
results/search_0012.csv
results/search_0012.out
results/search_0012.err
results/search_0066.csv
results/search_0066.out
results/search_0066.err
results/search_0035.csv
results/search_0035.out
results/search_0035.err
results/search_0081.csv
results/search_0081.out
results/search_0081.err
results/search_0065.csv
results/search_0065.out
results/search_0065.err
results/search_0095.csv
results/search_0095.out
results/search_0095.err
results/search_0080.csv
results/search_0080.out
results/search_0080.err
results/search_0036.csv
results/search_0036.out
results/search_0036.err
results/search_0052.csv
results/search_0052.out
results/search_0052.err
results/search_0041.csv
results/search_0041.out
results/search_0041.err
results/search_0040.csv
results/search_0040.out
results/search_0040.err
results/search_0050.csv
results/search_0050.out
results/search_0050.err
results/search_0054.csv
results/search_0054.out
results/search_0054.err
results/search_0088.csv
results/search_0088.out
results/search_0088.err
results/search_0057.csv
results/search_0057.out
results/search_0057.err
results/search_0091.csv
results/search_0091.out
results/search_0091.err
results/search_0100.csv
results/search_0100.out
results/search_0100.err
results/search_0059.csv
results/search_0059.out
results/search_0059.err
results/search_0093.csv
results/search_0093.out
results/search_0093.err
results/search_0051.csv
results/search_0051.out
results/search_0051.err
results/search_0094.csv
results/search_0094.out
results/search_0094.err
results/search_0087.csv
results/search_0087.out
results/search_0087.err
results/search_0043.csv
results/search_0043.out
results/search_0043.err
results/search_0061.csv
results/search_0061.out
results/search_0061.err
results/search_0021.csv
results/search_0021.out
results/search_0021.err
results/search_0053.csv
results/search_0053.out
results/search_0053.err
results/search_0068.csv
results/search_0068.out
results/search_0068.err
results/search_0063.csv
results/search_0063.out
results/search_0063.err
results/search_0089.csv
results/search_0089.out
results/search_0089.err
results/search_0076.csv
results/search_0076.out
results/search_0076.err
results/search_0071.csv
results/search_0071.out
results/search_0071.err
results/search_0069.csv
results/search_0069.out
results/search_0069.err
results/search_0077.csv
results/search_0077.out
results/search_0077.err
results/search_0067.csv
results/search_0067.out
results/search_0067.err
results/search_0085.csv
results/search_0085.out
results/search_0085.err
results/search_0027.csv
results/search_0027.out
results/search_0027.err
results/search_0092.csv
results/search_0092.out
results/search_0092.err
results/search_0062.csv
results/search_0062.out
results/search_0062.err
results/search_0044.csv
results/search_0044.out
results/search_0044.err
results/search_0086.csv
results/search_0086.out
results/search_0086.err
results/search_0006.csv
results/search_0006.out
results/search_0006.err
results/search_0025.csv
results/search_0025.out
results/search_0025.err
results/search_0034.csv
results/search_0034.out
results/search_0034.err
results/search_0018.csv
results/search_0018.out
results/search_0018.err
results/search_0055.csv
results/search_0055.out
results/search_0055.err
results/search_0084.csv
results/search_0084.out
results/search_0084.err
results/search_0072.csv
results/search_0072.out
results/search_0072.err
results/search_0028.csv
results/search_0028.out
results/search_0028.err
results/search_0039.csv
results/search_0039.out
results/search_0039.err
results/search_0037.csv
results/search_0037.out
results/search_0037.err
results/search_0008.csv
results/search_0008.out
results/search_0008.err
results/search_0013.csv
results/search_0013.out
results/search_0013.err
results/search_0000.csv
results/search_0000.out
results/search_0000.err
results/search_0001.csv
results/search_0001.out
results/search_0001.err
results/search_0060.csv
results/search_0060.out
results/search_0060.err
results/search_0014.csv
results/search_0014.out
results/search_0014.err
results/search_0003.csv
results/search_0003.out
results/search_0003.err
results/search_0074.csv
results/search_0074.out
results/search_0074.err
results/search_0056.csv
results/search_0056.out
results/search_0056.err
results/search_0097.csv
results/search_0097.out
results/search_0097.err
results/search_0020.csv
results/search_0020.out
results/search_0020.err
results/search_0046.csv
results/search_0046.out
results/search_0046.err
results/search_0031.csv
results/search_0031.out
results/search_0031.err
results/search_0022.csv
results/search_0022.out
results/search_0022.err
results/search_0002.csv
results/search_0002.out
results/search_0002.err
results/search_0038.csv
results/search_0038.out
results/search_0038.err
results/search_0075.csv
results/search_0075.out
results/search_0075.err
results/search_0083.csv
results/search_0083.out
results/search_0083.err
results/search_0078.csv
results/search_0078.out
results/search_0078.err
results/search_0099.csv
results/search_0099.out
results/search_0099.err
results/search_0032.csv
results/search_0032.out
results/search_0032.err
results/search_0026.csv
results/search_0026.out
results/search_0026.err
results/search_0082.csv
results/search_0082.out
results/search_0082.err
results/search_0049.csv
results/search_0049.out
results/search_0049.err
results/search_0098.csv
results/search_0098.out
results/search_0098.err
results/search_0090.csv
results/search_0090.out
results/search_0090.err
results/search_0096.csv
results/search_0096.out
results/search_0096.err
results/search_0015.csv
results/search_0015.out
results/search_0015.err
results/search_0010.csv
results/search_0010.out
results/search_0010.err
results/search_0079.csv
results/search_0079.out
results/search_0079.err
results/search_0073.csv
results/search_0073.out
results/search_0073.err
results/search_0047.csv
results/search_0047.out
results/search_0047.err
results/search_0023.csv
results/search_0023.out
results/search_0023.err
results/search_0005.csv
results/search_0005.out
results/search_0005.err
