Use of uninitialized value $logname in concatenation (.) or string at cscript2378308226776631515.pl line 338.
Use of uninitialized value $mount in pattern match (m//) at cscript2378308226776631515.pl line 2837.
Use of uninitialized value $mount in pattern match (m//) at cscript2378308226776631515.pl line 2837.
Use of uninitialized value $mount in pattern match (m//) at cscript2378308226776631515.pl line 2837.
Use of uninitialized value $mount in concatenation (.) or string at cscript2378308226776631515.pl line 2840.
Use of uninitialized value in concatenation (.) or string at cscript2378308226776631515.pl line 2840.
Use of uninitialized value in concatenation (.) or string at cscript2378308226776631515.pl line 2840.
Use of uninitialized value $mount in pattern match (m//) at cscript2378308226776631515.pl line 2837.
Use of uninitialized value $mount in pattern match (m//) at cscript2378308226776631515.pl line 2837.
Use of uninitialized value $mount in pattern match (m//) at cscript2378308226776631515.pl line 2837.
Use of uninitialized value $mount in concatenation (.) or string at cscript2378308226776631515.pl line 2840.
Use of uninitialized value $mount in pattern match (m//) at cscript2378308226776631515.pl line 2837.
Use of uninitialized value $mount in pattern match (m//) at cscript2378308226776631515.pl line 2837.
Use of uninitialized value $mount in pattern match (m//) at cscript2378308226776631515.pl line 2837.
Use of uninitialized value $mount in concatenation (.) or string at cscript2378308226776631515.pl line 2840.
Use of uninitialized value in concatenation (.) or string at cscript2378308226776631515.pl line 2840.
Use of uninitialized value in concatenation (.) or string at cscript2378308226776631515.pl line 2840.
Use of uninitialized value $mount in pattern match (m//) at cscript2378308226776631515.pl line 2837.
Use of uninitialized value $mount in pattern match (m//) at cscript2378308226776631515.pl line 2837.
Use of uninitialized value $mount in pattern match (m//) at cscript2378308226776631515.pl line 2837.
Use of uninitialized value $mount in concatenation (.) or string at cscript2378308226776631515.pl line 2840.
Use of uninitialized value $mount in pattern match (m//) at cscript2378308226776631515.pl line 2837.
Use of uninitialized value $mount in pattern match (m//) at cscript2378308226776631515.pl line 2837.
Use of uninitialized value $mount in pattern match (m//) at cscript2378308226776631515.pl line 2837.
Use of uninitialized value $mount in concatenation (.) or string at cscript2378308226776631515.pl line 2840.
Use of uninitialized value in concatenation (.) or string at cscript2378308226776631515.pl line 2840.
Use of uninitialized value in concatenation (.) or string at cscript2378308226776631515.pl line 2840.
Use of uninitialized value $mount in pattern match (m//) at cscript2378308226776631515.pl line 2837.
Use of uninitialized value $mount in pattern match (m//) at cscript2378308226776631515.pl line 2837.
Use of uninitialized value $mount in pattern match (m//) at cscript2378308226776631515.pl line 2837.
Use of uninitialized value $mount in concatenation (.) or string at cscript2378308226776631515.pl line 2840.
Use of uninitialized value $mount in pattern match (m//) at cscript2378308226776631515.pl line 2837.
Use of uninitialized value $mount in pattern match (m//) at cscript2378308226776631515.pl line 2837.
Use of uninitialized value $mount in pattern match (m//) at cscript2378308226776631515.pl line 2837.
Use of uninitialized value $mount in concatenation (.) or string at cscript2378308226776631515.pl line 2840.
Use of uninitialized value in concatenation (.) or string at cscript2378308226776631515.pl line 2840.
Use of uninitialized value in concatenation (.) or string at cscript2378308226776631515.pl line 2840.
Use of uninitialized value $mount in pattern match (m//) at cscript2378308226776631515.pl line 2837.
Use of uninitialized value $mount in pattern match (m//) at cscript2378308226776631515.pl line 2837.
Use of uninitialized value $mount in pattern match (m//) at cscript2378308226776631515.pl line 2837.
Use of uninitialized value $mount in concatenation (.) or string at cscript2378308226776631515.pl line 2840.
Use of uninitialized value $mount in pattern match (m//) at cscript2378308226776631515.pl line 2837.
Use of uninitialized value $mount in pattern match (m//) at cscript2378308226776631515.pl line 2837.
Use of uninitialized value $mount in pattern match (m//) at cscript2378308226776631515.pl line 2837.
Use of uninitialized value $mount in concatenation (.) or string at cscript2378308226776631515.pl line 2840.
Use of uninitialized value in concatenation (.) or string at cscript2378308226776631515.pl line 2840.
Use of uninitialized value in concatenation (.) or string at cscript2378308226776631515.pl line 2840.
Use of uninitialized value $mount in pattern match (m//) at cscript2378308226776631515.pl line 2837.
Use of uninitialized value $mount in pattern match (m//) at cscript2378308226776631515.pl line 2837.
Use of uninitialized value $mount in pattern match (m//) at cscript2378308226776631515.pl line 2837.
Use of uninitialized value $mount in concatenation (.) or string at cscript2378308226776631515.pl line 2840.
Use of uninitialized value $mount in pattern match (m//) at cscript2378308226776631515.pl line 2837.
Use of uninitialized value $mount in pattern match (m//) at cscript2378308226776631515.pl line 2837.
Use of uninitialized value $mount in pattern match (m//) at cscript2378308226776631515.pl line 2837.
Use of uninitialized value $mount in concatenation (.) or string at cscript2378308226776631515.pl line 2840.
Use of uninitialized value in concatenation (.) or string at cscript2378308226776631515.pl line 2840.
Use of uninitialized value in concatenation (.) or string at cscript2378308226776631515.pl line 2840.
Use of uninitialized value $mount in pattern match (m//) at cscript2378308226776631515.pl line 2837.
Use of uninitialized value $mount in pattern match (m//) at cscript2378308226776631515.pl line 2837.
Use of uninitialized value $mount in pattern match (m//) at cscript2378308226776631515.pl line 2837.
Use of uninitialized value $mount in concatenation (.) or string at cscript2378308226776631515.pl line 2840.
Use of uninitialized value $mount in pattern match (m//) at cscript2378308226776631515.pl line 2837.
Use of uninitialized value $mount in pattern match (m//) at cscript2378308226776631515.pl line 2837.
Use of uninitialized value $mount in pattern match (m//) at cscript2378308226776631515.pl line 2837.
Use of uninitialized value $mount in concatenation (.) or string at cscript2378308226776631515.pl line 2840.
Use of uninitialized value in concatenation (.) or string at cscript2378308226776631515.pl line 2840.
Use of uninitialized value in concatenation (.) or string at cscript2378308226776631515.pl line 2840.
Use of uninitialized value $mount in pattern match (m//) at cscript2378308226776631515.pl line 2837.
Use of uninitialized value $mount in pattern match (m//) at cscript2378308226776631515.pl line 2837.
Use of uninitialized value $mount in pattern match (m//) at cscript2378308226776631515.pl line 2837.
Use of uninitialized value $mount in concatenation (.) or string at cscript2378308226776631515.pl line 2840.
Use of uninitialized value $mount in pattern match (m//) at cscript2378308226776631515.pl line 2837.
Use of uninitialized value $mount in pattern match (m//) at cscript2378308226776631515.pl line 2837.
Use of uninitialized value $mount in pattern match (m//) at cscript2378308226776631515.pl line 2837.
Use of uninitialized value $mount in concatenation (.) or string at cscript2378308226776631515.pl line 2840.
Use of uninitialized value in concatenation (.) or string at cscript2378308226776631515.pl line 2840.
Use of uninitialized value in concatenation (.) or string at cscript2378308226776631515.pl line 2840.
Use of uninitialized value $mount in pattern match (m//) at cscript2378308226776631515.pl line 2837.
Use of uninitialized value $mount in pattern match (m//) at cscript2378308226776631515.pl line 2837.
Use of uninitialized value $mount in pattern match (m//) at cscript2378308226776631515.pl line 2837.
Use of uninitialized value $mount in concatenation (.) or string at cscript2378308226776631515.pl line 2840.
Use of uninitialized value $mount in pattern match (m//) at cscript2378308226776631515.pl line 2837.
Use of uninitialized value $mount in pattern match (m//) at cscript2378308226776631515.pl line 2837.
Use of uninitialized value $mount in pattern match (m//) at cscript2378308226776631515.pl line 2837.
Use of uninitialized value $mount in concatenation (.) or string at cscript2378308226776631515.pl line 2840.
Use of uninitialized value in concatenation (.) or string at cscript2378308226776631515.pl line 2840.
Use of uninitialized value in concatenation (.) or string at cscript2378308226776631515.pl line 2840.
Use of uninitialized value $mount in pattern match (m//) at cscript2378308226776631515.pl line 2837.
Use of uninitialized value $mount in pattern match (m//) at cscript2378308226776631515.pl line 2837.
Use of uninitialized value $mount in pattern match (m//) at cscript2378308226776631515.pl line 2837.
Use of uninitialized value $mount in concatenation (.) or string at cscript2378308226776631515.pl line 2840.
Use of uninitialized value $mount in pattern match (m//) at cscript2378308226776631515.pl line 2837.
Use of uninitialized value $mount in pattern match (m//) at cscript2378308226776631515.pl line 2837.
Use of uninitialized value $mount in pattern match (m//) at cscript2378308226776631515.pl line 2837.
Use of uninitialized value $mount in concatenation (.) or string at cscript2378308226776631515.pl line 2840.
Use of uninitialized value in concatenation (.) or string at cscript2378308226776631515.pl line 2840.
Use of uninitialized value in concatenation (.) or string at cscript2378308226776631515.pl line 2840.
Use of uninitialized value $mount in pattern match (m//) at cscript2378308226776631515.pl line 2837.
Use of uninitialized value $mount in pattern match (m//) at cscript2378308226776631515.pl line 2837.
Use of uninitialized value $mount in pattern match (m//) at cscript2378308226776631515.pl line 2837.
Use of uninitialized value $mount in concatenation (.) or string at cscript2378308226776631515.pl line 2840.
Use of uninitialized value $mount in pattern match (m//) at cscript2378308226776631515.pl line 2837.
Use of uninitialized value $mount in pattern match (m//) at cscript2378308226776631515.pl line 2837.
Use of uninitialized value $mount in pattern match (m//) at cscript2378308226776631515.pl line 2837.
Use of uninitialized value $mount in concatenation (.) or string at cscript2378308226776631515.pl line 2840.
Use of uninitialized value in concatenation (.) or string at cscript2378308226776631515.pl line 2840.
Use of uninitialized value in concatenation (.) or string at cscript2378308226776631515.pl line 2840.
Use of uninitialized value $mount in pattern match (m//) at cscript2378308226776631515.pl line 2837.
Use of uninitialized value $mount in pattern match (m//) at cscript2378308226776631515.pl line 2837.
Use of uninitialized value $mount in pattern match (m//) at cscript2378308226776631515.pl line 2837.
Use of uninitialized value $mount in concatenation (.) or string at cscript2378308226776631515.pl line 2840.
Use of uninitialized value $mount in pattern match (m//) at cscript2378308226776631515.pl line 2837.
Use of uninitialized value $mount in pattern match (m//) at cscript2378308226776631515.pl line 2837.
Use of uninitialized value $mount in pattern match (m//) at cscript2378308226776631515.pl line 2837.
Use of uninitialized value $mount in concatenation (.) or string at cscript2378308226776631515.pl line 2840.
Use of uninitialized value in concatenation (.) or string at cscript2378308226776631515.pl line 2840.
Use of uninitialized value in concatenation (.) or string at cscript2378308226776631515.pl line 2840.
Use of uninitialized value $mount in pattern match (m//) at cscript2378308226776631515.pl line 2837.
Use of uninitialized value $mount in pattern match (m//) at cscript2378308226776631515.pl line 2837.
Use of uninitialized value $mount in pattern match (m//) at cscript2378308226776631515.pl line 2837.
Use of uninitialized value $mount in concatenation (.) or string at cscript2378308226776631515.pl line 2840.
Use of uninitialized value $mount in pattern match (m//) at cscript2378308226776631515.pl line 2837.
Use of uninitialized value $mount in pattern match (m//) at cscript2378308226776631515.pl line 2837.
Use of uninitialized value $mount in pattern match (m//) at cscript2378308226776631515.pl line 2837.
Use of uninitialized value $mount in concatenation (.) or string at cscript2378308226776631515.pl line 2840.
Use of uninitialized value in concatenation (.) or string at cscript2378308226776631515.pl line 2840.
Use of uninitialized value in concatenation (.) or string at cscript2378308226776631515.pl line 2840.
Use of uninitialized value $mount in pattern match (m//) at cscript2378308226776631515.pl line 2837.
Use of uninitialized value $mount in pattern match (m//) at cscript2378308226776631515.pl line 2837.
Use of uninitialized value $mount in pattern match (m//) at cscript2378308226776631515.pl line 2837.
Use of uninitialized value $mount in concatenation (.) or string at cscript2378308226776631515.pl line 2840.
Use of uninitialized value $mount in pattern match (m//) at cscript2378308226776631515.pl line 2837.
Use of uninitialized value $mount in pattern match (m//) at cscript2378308226776631515.pl line 2837.
Use of uninitialized value $mount in pattern match (m//) at cscript2378308226776631515.pl line 2837.
Use of uninitialized value $mount in concatenation (.) or string at cscript2378308226776631515.pl line 2840.
Use of uninitialized value in concatenation (.) or string at cscript2378308226776631515.pl line 2840.
Use of uninitialized value in concatenation (.) or string at cscript2378308226776631515.pl line 2840.
Use of uninitialized value $mount in pattern match (m//) at cscript2378308226776631515.pl line 2837.
Use of uninitialized value $mount in pattern match (m//) at cscript2378308226776631515.pl line 2837.
Use of uninitialized value $mount in pattern match (m//) at cscript2378308226776631515.pl line 2837.
Use of uninitialized value $mount in concatenation (.) or string at cscript2378308226776631515.pl line 2840.
Use of uninitialized value $mount in pattern match (m//) at cscript2378308226776631515.pl line 2837.
Use of uninitialized value $mount in pattern match (m//) at cscript2378308226776631515.pl line 2837.
Use of uninitialized value $mount in pattern match (m//) at cscript2378308226776631515.pl line 2837.
Use of uninitialized value $mount in concatenation (.) or string at cscript2378308226776631515.pl line 2840.
Use of uninitialized value in concatenation (.) or string at cscript2378308226776631515.pl line 2840.
Use of uninitialized value in concatenation (.) or string at cscript2378308226776631515.pl line 2840.
Use of uninitialized value $mount in pattern match (m//) at cscript2378308226776631515.pl line 2837.
Use of uninitialized value $mount in pattern match (m//) at cscript2378308226776631515.pl line 2837.
Use of uninitialized value $mount in pattern match (m//) at cscript2378308226776631515.pl line 2837.
Use of uninitialized value $mount in concatenation (.) or string at cscript2378308226776631515.pl line 2840.
Use of uninitialized value $mount in pattern match (m//) at cscript2378308226776631515.pl line 2837.
Use of uninitialized value $mount in pattern match (m//) at cscript2378308226776631515.pl line 2837.
Use of uninitialized value $mount in pattern match (m//) at cscript2378308226776631515.pl line 2837.
Use of uninitialized value $mount in concatenation (.) or string at cscript2378308226776631515.pl line 2840.
Use of uninitialized value in concatenation (.) or string at cscript2378308226776631515.pl line 2840.
Use of uninitialized value in concatenation (.) or string at cscript2378308226776631515.pl line 2840.
Use of uninitialized value $mount in pattern match (m//) at cscript2378308226776631515.pl line 2837.
Use of uninitialized value $mount in pattern match (m//) at cscript2378308226776631515.pl line 2837.
Use of uninitialized value $mount in pattern match (m//) at cscript2378308226776631515.pl line 2837.
Use of uninitialized value $mount in concatenation (.) or string at cscript2378308226776631515.pl line 2840.
Use of uninitialized value $mount in pattern match (m//) at cscript2378308226776631515.pl line 2837.
Use of uninitialized value $mount in pattern match (m//) at cscript2378308226776631515.pl line 2837.
Use of uninitialized value $mount in pattern match (m//) at cscript2378308226776631515.pl line 2837.
Use of uninitialized value $mount in concatenation (.) or string at cscript2378308226776631515.pl line 2840.
Use of uninitialized value in concatenation (.) or string at cscript2378308226776631515.pl line 2840.
Use of uninitialized value in concatenation (.) or string at cscript2378308226776631515.pl line 2840.
Use of uninitialized value $mount in pattern match (m//) at cscript2378308226776631515.pl line 2837.
Use of uninitialized value $mount in pattern match (m//) at cscript2378308226776631515.pl line 2837.
Use of uninitialized value $mount in pattern match (m//) at cscript2378308226776631515.pl line 2837.
Use of uninitialized value $mount in concatenation (.) or string at cscript2378308226776631515.pl line 2840.
Use of uninitialized value $mount in pattern match (m//) at cscript2378308226776631515.pl line 2837.
Use of uninitialized value $mount in pattern match (m//) at cscript2378308226776631515.pl line 2837.
Use of uninitialized value $mount in pattern match (m//) at cscript2378308226776631515.pl line 2837.
Use of uninitialized value $mount in concatenation (.) or string at cscript2378308226776631515.pl line 2840.
Use of uninitialized value in concatenation (.) or string at cscript2378308226776631515.pl line 2840.
Use of uninitialized value in concatenation (.) or string at cscript2378308226776631515.pl line 2840.
Use of uninitialized value $mount in pattern match (m//) at cscript2378308226776631515.pl line 2837.
Use of uninitialized value $mount in pattern match (m//) at cscript2378308226776631515.pl line 2837.
Use of uninitialized value $mount in pattern match (m//) at cscript2378308226776631515.pl line 2837.
Use of uninitialized value $mount in concatenation (.) or string at cscript2378308226776631515.pl line 2840.
Use of uninitialized value $mount in pattern match (m//) at cscript2378308226776631515.pl line 2837.
Use of uninitialized value $mount in pattern match (m//) at cscript2378308226776631515.pl line 2837.
Use of uninitialized value $mount in pattern match (m//) at cscript2378308226776631515.pl line 2837.
Use of uninitialized value $mount in concatenation (.) or string at cscript2378308226776631515.pl line 2840.
Use of uninitialized value in concatenation (.) or string at cscript2378308226776631515.pl line 2840.
Use of uninitialized value in concatenation (.) or string at cscript2378308226776631515.pl line 2840.
Use of uninitialized value $mount in pattern match (m//) at cscript2378308226776631515.pl line 2837.
Use of uninitialized value $mount in pattern match (m//) at cscript2378308226776631515.pl line 2837.
Use of uninitialized value $mount in pattern match (m//) at cscript2378308226776631515.pl line 2837.
Use of uninitialized value $mount in concatenation (.) or string at cscript2378308226776631515.pl line 2840.
Use of uninitialized value $mount in pattern match (m//) at cscript2378308226776631515.pl line 2837.
Use of uninitialized value $mount in pattern match (m//) at cscript2378308226776631515.pl line 2837.
Use of uninitialized value $mount in pattern match (m//) at cscript2378308226776631515.pl line 2837.
Use of uninitialized value $mount in concatenation (.) or string at cscript2378308226776631515.pl line 2840.
Use of uninitialized value in concatenation (.) or string at cscript2378308226776631515.pl line 2840.
Use of uninitialized value in concatenation (.) or string at cscript2378308226776631515.pl line 2840.
Use of uninitialized value $mount in pattern match (m//) at cscript2378308226776631515.pl line 2837.
Use of uninitialized value $mount in pattern match (m//) at cscript2378308226776631515.pl line 2837.
Use of uninitialized value $mount in pattern match (m//) at cscript2378308226776631515.pl line 2837.
Use of uninitialized value $mount in concatenation (.) or string at cscript2378308226776631515.pl line 2840.
send: Cannot determine peer address at cscript2378308226776631515.pl line 527
