Use of uninitialized value $mount in pattern match (m//) at cscript423017151718432160.pl line 2834.
Use of uninitialized value $mount in pattern match (m//) at cscript423017151718432160.pl line 2834.
Use of uninitialized value $mount in pattern match (m//) at cscript423017151718432160.pl line 2834.
Use of uninitialized value $mount in concatenation (.) or string at cscript423017151718432160.pl line 2837.
Use of uninitialized value in concatenation (.) or string at cscript423017151718432160.pl line 2837.
Use of uninitialized value in concatenation (.) or string at cscript423017151718432160.pl line 2837.
Use of uninitialized value $mount in pattern match (m//) at cscript423017151718432160.pl line 2834.
Use of uninitialized value $mount in pattern match (m//) at cscript423017151718432160.pl line 2834.
Use of uninitialized value $mount in pattern match (m//) at cscript423017151718432160.pl line 2834.
Use of uninitialized value $mount in concatenation (.) or string at cscript423017151718432160.pl line 2837.
Use of uninitialized value $mount in pattern match (m//) at cscript423017151718432160.pl line 2834.
Use of uninitialized value $mount in pattern match (m//) at cscript423017151718432160.pl line 2834.
Use of uninitialized value $mount in pattern match (m//) at cscript423017151718432160.pl line 2834.
Use of uninitialized value $mount in concatenation (.) or string at cscript423017151718432160.pl line 2837.
Use of uninitialized value in concatenation (.) or string at cscript423017151718432160.pl line 2837.
Use of uninitialized value in concatenation (.) or string at cscript423017151718432160.pl line 2837.
Use of uninitialized value $mount in pattern match (m//) at cscript423017151718432160.pl line 2834.
Use of uninitialized value $mount in pattern match (m//) at cscript423017151718432160.pl line 2834.
Use of uninitialized value $mount in pattern match (m//) at cscript423017151718432160.pl line 2834.
Use of uninitialized value $mount in concatenation (.) or string at cscript423017151718432160.pl line 2837.
Use of uninitialized value $mount in pattern match (m//) at cscript423017151718432160.pl line 2834.
Use of uninitialized value $mount in pattern match (m//) at cscript423017151718432160.pl line 2834.
Use of uninitialized value $mount in pattern match (m//) at cscript423017151718432160.pl line 2834.
Use of uninitialized value $mount in concatenation (.) or string at cscript423017151718432160.pl line 2837.
Use of uninitialized value in concatenation (.) or string at cscript423017151718432160.pl line 2837.
Use of uninitialized value in concatenation (.) or string at cscript423017151718432160.pl line 2837.
Use of uninitialized value $mount in pattern match (m//) at cscript423017151718432160.pl line 2834.
Use of uninitialized value $mount in pattern match (m//) at cscript423017151718432160.pl line 2834.
Use of uninitialized value $mount in pattern match (m//) at cscript423017151718432160.pl line 2834.
Use of uninitialized value $mount in concatenation (.) or string at cscript423017151718432160.pl line 2837.
Use of uninitialized value $mount in pattern match (m//) at cscript423017151718432160.pl line 2834.
Use of uninitialized value $mount in pattern match (m//) at cscript423017151718432160.pl line 2834.
Use of uninitialized value $mount in pattern match (m//) at cscript423017151718432160.pl line 2834.
Use of uninitialized value $mount in concatenation (.) or string at cscript423017151718432160.pl line 2837.
Use of uninitialized value in concatenation (.) or string at cscript423017151718432160.pl line 2837.
Use of uninitialized value in concatenation (.) or string at cscript423017151718432160.pl line 2837.
Use of uninitialized value $mount in pattern match (m//) at cscript423017151718432160.pl line 2834.
Use of uninitialized value $mount in pattern match (m//) at cscript423017151718432160.pl line 2834.
Use of uninitialized value $mount in pattern match (m//) at cscript423017151718432160.pl line 2834.
Use of uninitialized value $mount in concatenation (.) or string at cscript423017151718432160.pl line 2837.
Use of uninitialized value $SOFT_IMAGE_JOB_ID in numeric eq (==) at cscript423017151718432160.pl line 2231.
Use of uninitialized value in concatenation (.) or string at cscript423017151718432160.pl line 384.
Use of uninitialized value $SOFT_IMAGE_JOB_ID in numeric eq (==) at cscript423017151718432160.pl line 2231.
Use of uninitialized value $mount in pattern match (m//) at cscript423017151718432160.pl line 2834.
Use of uninitialized value $mount in pattern match (m//) at cscript423017151718432160.pl line 2834.
Use of uninitialized value $mount in pattern match (m//) at cscript423017151718432160.pl line 2834.
Use of uninitialized value $mount in concatenation (.) or string at cscript423017151718432160.pl line 2837.
Use of uninitialized value in concatenation (.) or string at cscript423017151718432160.pl line 2837.
Use of uninitialized value in concatenation (.) or string at cscript423017151718432160.pl line 2837.
Use of uninitialized value $mount in pattern match (m//) at cscript423017151718432160.pl line 2834.
Use of uninitialized value $mount in pattern match (m//) at cscript423017151718432160.pl line 2834.
Use of uninitialized value $mount in pattern match (m//) at cscript423017151718432160.pl line 2834.
Use of uninitialized value $mount in concatenation (.) or string at cscript423017151718432160.pl line 2837.
Use of uninitialized value $mount in pattern match (m//) at cscript423017151718432160.pl line 2834.
Use of uninitialized value $mount in pattern match (m//) at cscript423017151718432160.pl line 2834.
Use of uninitialized value $mount in pattern match (m//) at cscript423017151718432160.pl line 2834.
Use of uninitialized value $mount in concatenation (.) or string at cscript423017151718432160.pl line 2837.
Use of uninitialized value in concatenation (.) or string at cscript423017151718432160.pl line 2837.
Use of uninitialized value in concatenation (.) or string at cscript423017151718432160.pl line 2837.
Use of uninitialized value $mount in pattern match (m//) at cscript423017151718432160.pl line 2834.
Use of uninitialized value $mount in pattern match (m//) at cscript423017151718432160.pl line 2834.
Use of uninitialized value $mount in pattern match (m//) at cscript423017151718432160.pl line 2834.
Use of uninitialized value $mount in concatenation (.) or string at cscript423017151718432160.pl line 2837.
Use of uninitialized value $mount in pattern match (m//) at cscript423017151718432160.pl line 2834.
Use of uninitialized value $mount in pattern match (m//) at cscript423017151718432160.pl line 2834.
Use of uninitialized value $mount in pattern match (m//) at cscript423017151718432160.pl line 2834.
Use of uninitialized value $mount in concatenation (.) or string at cscript423017151718432160.pl line 2837.
Use of uninitialized value in concatenation (.) or string at cscript423017151718432160.pl line 2837.
Use of uninitialized value in concatenation (.) or string at cscript423017151718432160.pl line 2837.
Use of uninitialized value $mount in pattern match (m//) at cscript423017151718432160.pl line 2834.
Use of uninitialized value $mount in pattern match (m//) at cscript423017151718432160.pl line 2834.
Use of uninitialized value $mount in pattern match (m//) at cscript423017151718432160.pl line 2834.
Use of uninitialized value $mount in concatenation (.) or string at cscript423017151718432160.pl line 2837.
Use of uninitialized value $mount in pattern match (m//) at cscript423017151718432160.pl line 2834.
Use of uninitialized value $mount in pattern match (m//) at cscript423017151718432160.pl line 2834.
Use of uninitialized value $mount in pattern match (m//) at cscript423017151718432160.pl line 2834.
Use of uninitialized value $mount in concatenation (.) or string at cscript423017151718432160.pl line 2837.
Use of uninitialized value in concatenation (.) or string at cscript423017151718432160.pl line 2837.
Use of uninitialized value in concatenation (.) or string at cscript423017151718432160.pl line 2837.
Use of uninitialized value $mount in pattern match (m//) at cscript423017151718432160.pl line 2834.
Use of uninitialized value $mount in pattern match (m//) at cscript423017151718432160.pl line 2834.
Use of uninitialized value $mount in pattern match (m//) at cscript423017151718432160.pl line 2834.
Use of uninitialized value $mount in concatenation (.) or string at cscript423017151718432160.pl line 2837.
Use of uninitialized value $mount in pattern match (m//) at cscript423017151718432160.pl line 2834.
Use of uninitialized value $mount in pattern match (m//) at cscript423017151718432160.pl line 2834.
Use of uninitialized value $mount in pattern match (m//) at cscript423017151718432160.pl line 2834.
Use of uninitialized value $mount in concatenation (.) or string at cscript423017151718432160.pl line 2837.
Use of uninitialized value in concatenation (.) or string at cscript423017151718432160.pl line 2837.
Use of uninitialized value in concatenation (.) or string at cscript423017151718432160.pl line 2837.
Use of uninitialized value $mount in pattern match (m//) at cscript423017151718432160.pl line 2834.
Use of uninitialized value $mount in pattern match (m//) at cscript423017151718432160.pl line 2834.
Use of uninitialized value $mount in pattern match (m//) at cscript423017151718432160.pl line 2834.
Use of uninitialized value $mount in concatenation (.) or string at cscript423017151718432160.pl line 2837.
Use of uninitialized value $mount in pattern match (m//) at cscript423017151718432160.pl line 2834.
Use of uninitialized value $mount in pattern match (m//) at cscript423017151718432160.pl line 2834.
Use of uninitialized value $mount in pattern match (m//) at cscript423017151718432160.pl line 2834.
Use of uninitialized value $mount in concatenation (.) or string at cscript423017151718432160.pl line 2837.
Use of uninitialized value in concatenation (.) or string at cscript423017151718432160.pl line 2837.
Use of uninitialized value in concatenation (.) or string at cscript423017151718432160.pl line 2837.
Use of uninitialized value $mount in pattern match (m//) at cscript423017151718432160.pl line 2834.
Use of uninitialized value $mount in pattern match (m//) at cscript423017151718432160.pl line 2834.
Use of uninitialized value $mount in pattern match (m//) at cscript423017151718432160.pl line 2834.
Use of uninitialized value $mount in concatenation (.) or string at cscript423017151718432160.pl line 2837.
Use of uninitialized value $mount in pattern match (m//) at cscript423017151718432160.pl line 2834.
Use of uninitialized value $mount in pattern match (m//) at cscript423017151718432160.pl line 2834.
Use of uninitialized value $mount in pattern match (m//) at cscript423017151718432160.pl line 2834.
Use of uninitialized value $mount in concatenation (.) or string at cscript423017151718432160.pl line 2837.
Use of uninitialized value in concatenation (.) or string at cscript423017151718432160.pl line 2837.
Use of uninitialized value in concatenation (.) or string at cscript423017151718432160.pl line 2837.
Use of uninitialized value $mount in pattern match (m//) at cscript423017151718432160.pl line 2834.
Use of uninitialized value $mount in pattern match (m//) at cscript423017151718432160.pl line 2834.
Use of uninitialized value $mount in pattern match (m//) at cscript423017151718432160.pl line 2834.
Use of uninitialized value $mount in concatenation (.) or string at cscript423017151718432160.pl line 2837.
Use of uninitialized value $mount in pattern match (m//) at cscript423017151718432160.pl line 2834.
Use of uninitialized value $mount in pattern match (m//) at cscript423017151718432160.pl line 2834.
Use of uninitialized value $mount in pattern match (m//) at cscript423017151718432160.pl line 2834.
Use of uninitialized value $mount in concatenation (.) or string at cscript423017151718432160.pl line 2837.
Use of uninitialized value in concatenation (.) or string at cscript423017151718432160.pl line 2837.
Use of uninitialized value in concatenation (.) or string at cscript423017151718432160.pl line 2837.
Use of uninitialized value $mount in pattern match (m//) at cscript423017151718432160.pl line 2834.
Use of uninitialized value $mount in pattern match (m//) at cscript423017151718432160.pl line 2834.
Use of uninitialized value $mount in pattern match (m//) at cscript423017151718432160.pl line 2834.
Use of uninitialized value $mount in concatenation (.) or string at cscript423017151718432160.pl line 2837.
Use of uninitialized value $mount in pattern match (m//) at cscript423017151718432160.pl line 2834.
Use of uninitialized value $mount in pattern match (m//) at cscript423017151718432160.pl line 2834.
Use of uninitialized value $mount in pattern match (m//) at cscript423017151718432160.pl line 2834.
Use of uninitialized value $mount in concatenation (.) or string at cscript423017151718432160.pl line 2837.
Use of uninitialized value in concatenation (.) or string at cscript423017151718432160.pl line 2837.
Use of uninitialized value in concatenation (.) or string at cscript423017151718432160.pl line 2837.
Use of uninitialized value $mount in pattern match (m//) at cscript423017151718432160.pl line 2834.
Use of uninitialized value $mount in pattern match (m//) at cscript423017151718432160.pl line 2834.
Use of uninitialized value $mount in pattern match (m//) at cscript423017151718432160.pl line 2834.
Use of uninitialized value $mount in concatenation (.) or string at cscript423017151718432160.pl line 2837.
Use of uninitialized value $mount in pattern match (m//) at cscript423017151718432160.pl line 2834.
Use of uninitialized value $mount in pattern match (m//) at cscript423017151718432160.pl line 2834.
Use of uninitialized value $mount in pattern match (m//) at cscript423017151718432160.pl line 2834.
Use of uninitialized value $mount in concatenation (.) or string at cscript423017151718432160.pl line 2837.
Use of uninitialized value in concatenation (.) or string at cscript423017151718432160.pl line 2837.
Use of uninitialized value in concatenation (.) or string at cscript423017151718432160.pl line 2837.
Use of uninitialized value $mount in pattern match (m//) at cscript423017151718432160.pl line 2834.
Use of uninitialized value $mount in pattern match (m//) at cscript423017151718432160.pl line 2834.
Use of uninitialized value $mount in pattern match (m//) at cscript423017151718432160.pl line 2834.
Use of uninitialized value $mount in concatenation (.) or string at cscript423017151718432160.pl line 2837.
Use of uninitialized value $mount in pattern match (m//) at cscript423017151718432160.pl line 2834.
Use of uninitialized value $mount in pattern match (m//) at cscript423017151718432160.pl line 2834.
Use of uninitialized value $mount in pattern match (m//) at cscript423017151718432160.pl line 2834.
Use of uninitialized value $mount in concatenation (.) or string at cscript423017151718432160.pl line 2837.
Use of uninitialized value in concatenation (.) or string at cscript423017151718432160.pl line 2837.
Use of uninitialized value in concatenation (.) or string at cscript423017151718432160.pl line 2837.
Use of uninitialized value $mount in pattern match (m//) at cscript423017151718432160.pl line 2834.
Use of uninitialized value $mount in pattern match (m//) at cscript423017151718432160.pl line 2834.
Use of uninitialized value $mount in pattern match (m//) at cscript423017151718432160.pl line 2834.
Use of uninitialized value $mount in concatenation (.) or string at cscript423017151718432160.pl line 2837.
Use of uninitialized value $mount in pattern match (m//) at cscript423017151718432160.pl line 2834.
Use of uninitialized value $mount in pattern match (m//) at cscript423017151718432160.pl line 2834.
Use of uninitialized value $mount in pattern match (m//) at cscript423017151718432160.pl line 2834.
Use of uninitialized value $mount in concatenation (.) or string at cscript423017151718432160.pl line 2837.
Use of uninitialized value in concatenation (.) or string at cscript423017151718432160.pl line 2837.
Use of uninitialized value in concatenation (.) or string at cscript423017151718432160.pl line 2837.
Use of uninitialized value $mount in pattern match (m//) at cscript423017151718432160.pl line 2834.
Use of uninitialized value $mount in pattern match (m//) at cscript423017151718432160.pl line 2834.
Use of uninitialized value $mount in pattern match (m//) at cscript423017151718432160.pl line 2834.
Use of uninitialized value $mount in concatenation (.) or string at cscript423017151718432160.pl line 2837.
Channel timed out. Last receive time: 1424298997.85032, now: 1424299178.06822 at cscript423017151718432160.pl line 322.
