Use of uninitialized value $logname in concatenation (.) or string at cscript3462100899165149906.pl line 338.
Use of uninitialized value $mount in pattern match (m//) at cscript3462100899165149906.pl line 2837.
Use of uninitialized value $mount in pattern match (m//) at cscript3462100899165149906.pl line 2837.
Use of uninitialized value $mount in pattern match (m//) at cscript3462100899165149906.pl line 2837.
Use of uninitialized value $mount in concatenation (.) or string at cscript3462100899165149906.pl line 2840.
Use of uninitialized value in concatenation (.) or string at cscript3462100899165149906.pl line 2840.
Use of uninitialized value in concatenation (.) or string at cscript3462100899165149906.pl line 2840.
Use of uninitialized value $mount in pattern match (m//) at cscript3462100899165149906.pl line 2837.
Use of uninitialized value $mount in pattern match (m//) at cscript3462100899165149906.pl line 2837.
Use of uninitialized value $mount in pattern match (m//) at cscript3462100899165149906.pl line 2837.
Use of uninitialized value $mount in concatenation (.) or string at cscript3462100899165149906.pl line 2840.
Use of uninitialized value $mount in pattern match (m//) at cscript3462100899165149906.pl line 2837.
Use of uninitialized value $mount in pattern match (m//) at cscript3462100899165149906.pl line 2837.
Use of uninitialized value $mount in pattern match (m//) at cscript3462100899165149906.pl line 2837.
Use of uninitialized value $mount in concatenation (.) or string at cscript3462100899165149906.pl line 2840.
Use of uninitialized value in concatenation (.) or string at cscript3462100899165149906.pl line 2840.
Use of uninitialized value in concatenation (.) or string at cscript3462100899165149906.pl line 2840.
Use of uninitialized value $mount in pattern match (m//) at cscript3462100899165149906.pl line 2837.
Use of uninitialized value $mount in pattern match (m//) at cscript3462100899165149906.pl line 2837.
Use of uninitialized value $mount in pattern match (m//) at cscript3462100899165149906.pl line 2837.
Use of uninitialized value $mount in concatenation (.) or string at cscript3462100899165149906.pl line 2840.
Use of uninitialized value $mount in pattern match (m//) at cscript3462100899165149906.pl line 2837.
Use of uninitialized value $mount in pattern match (m//) at cscript3462100899165149906.pl line 2837.
Use of uninitialized value $mount in pattern match (m//) at cscript3462100899165149906.pl line 2837.
Use of uninitialized value $mount in concatenation (.) or string at cscript3462100899165149906.pl line 2840.
Use of uninitialized value in concatenation (.) or string at cscript3462100899165149906.pl line 2840.
Use of uninitialized value in concatenation (.) or string at cscript3462100899165149906.pl line 2840.
Use of uninitialized value $mount in pattern match (m//) at cscript3462100899165149906.pl line 2837.
Use of uninitialized value $mount in pattern match (m//) at cscript3462100899165149906.pl line 2837.
Use of uninitialized value $mount in pattern match (m//) at cscript3462100899165149906.pl line 2837.
Use of uninitialized value $mount in concatenation (.) or string at cscript3462100899165149906.pl line 2840.
Use of uninitialized value $mount in pattern match (m//) at cscript3462100899165149906.pl line 2837.
Use of uninitialized value $mount in pattern match (m//) at cscript3462100899165149906.pl line 2837.
Use of uninitialized value $mount in pattern match (m//) at cscript3462100899165149906.pl line 2837.
Use of uninitialized value $mount in concatenation (.) or string at cscript3462100899165149906.pl line 2840.
Use of uninitialized value in concatenation (.) or string at cscript3462100899165149906.pl line 2840.
Use of uninitialized value in concatenation (.) or string at cscript3462100899165149906.pl line 2840.
Use of uninitialized value $mount in pattern match (m//) at cscript3462100899165149906.pl line 2837.
Use of uninitialized value $mount in pattern match (m//) at cscript3462100899165149906.pl line 2837.
Use of uninitialized value $mount in pattern match (m//) at cscript3462100899165149906.pl line 2837.
Use of uninitialized value $mount in concatenation (.) or string at cscript3462100899165149906.pl line 2840.
Use of uninitialized value $mount in pattern match (m//) at cscript3462100899165149906.pl line 2837.
Use of uninitialized value $mount in pattern match (m//) at cscript3462100899165149906.pl line 2837.
Use of uninitialized value $mount in pattern match (m//) at cscript3462100899165149906.pl line 2837.
Use of uninitialized value $mount in concatenation (.) or string at cscript3462100899165149906.pl line 2840.
Use of uninitialized value in concatenation (.) or string at cscript3462100899165149906.pl line 2840.
Use of uninitialized value in concatenation (.) or string at cscript3462100899165149906.pl line 2840.
Use of uninitialized value $mount in pattern match (m//) at cscript3462100899165149906.pl line 2837.
Use of uninitialized value $mount in pattern match (m//) at cscript3462100899165149906.pl line 2837.
Use of uninitialized value $mount in pattern match (m//) at cscript3462100899165149906.pl line 2837.
Use of uninitialized value $mount in concatenation (.) or string at cscript3462100899165149906.pl line 2840.
Use of uninitialized value $mount in pattern match (m//) at cscript3462100899165149906.pl line 2837.
Use of uninitialized value $mount in pattern match (m//) at cscript3462100899165149906.pl line 2837.
Use of uninitialized value $mount in pattern match (m//) at cscript3462100899165149906.pl line 2837.
Use of uninitialized value $mount in concatenation (.) or string at cscript3462100899165149906.pl line 2840.
Use of uninitialized value in concatenation (.) or string at cscript3462100899165149906.pl line 2840.
Use of uninitialized value in concatenation (.) or string at cscript3462100899165149906.pl line 2840.
Use of uninitialized value $mount in pattern match (m//) at cscript3462100899165149906.pl line 2837.
Use of uninitialized value $mount in pattern match (m//) at cscript3462100899165149906.pl line 2837.
Use of uninitialized value $mount in pattern match (m//) at cscript3462100899165149906.pl line 2837.
Use of uninitialized value $mount in concatenation (.) or string at cscript3462100899165149906.pl line 2840.
Use of uninitialized value $mount in pattern match (m//) at cscript3462100899165149906.pl line 2837.
Use of uninitialized value $mount in pattern match (m//) at cscript3462100899165149906.pl line 2837.
Use of uninitialized value $mount in pattern match (m//) at cscript3462100899165149906.pl line 2837.
Use of uninitialized value $mount in concatenation (.) or string at cscript3462100899165149906.pl line 2840.
Use of uninitialized value in concatenation (.) or string at cscript3462100899165149906.pl line 2840.
Use of uninitialized value in concatenation (.) or string at cscript3462100899165149906.pl line 2840.
Use of uninitialized value $mount in pattern match (m//) at cscript3462100899165149906.pl line 2837.
Use of uninitialized value $mount in pattern match (m//) at cscript3462100899165149906.pl line 2837.
Use of uninitialized value $mount in pattern match (m//) at cscript3462100899165149906.pl line 2837.
Use of uninitialized value $mount in concatenation (.) or string at cscript3462100899165149906.pl line 2840.
Use of uninitialized value $mount in pattern match (m//) at cscript3462100899165149906.pl line 2837.
Use of uninitialized value $mount in pattern match (m//) at cscript3462100899165149906.pl line 2837.
Use of uninitialized value $mount in pattern match (m//) at cscript3462100899165149906.pl line 2837.
Use of uninitialized value $mount in concatenation (.) or string at cscript3462100899165149906.pl line 2840.
Use of uninitialized value in concatenation (.) or string at cscript3462100899165149906.pl line 2840.
Use of uninitialized value in concatenation (.) or string at cscript3462100899165149906.pl line 2840.
Use of uninitialized value $mount in pattern match (m//) at cscript3462100899165149906.pl line 2837.
Use of uninitialized value $mount in pattern match (m//) at cscript3462100899165149906.pl line 2837.
Use of uninitialized value $mount in pattern match (m//) at cscript3462100899165149906.pl line 2837.
Use of uninitialized value $mount in concatenation (.) or string at cscript3462100899165149906.pl line 2840.
Use of uninitialized value $mount in pattern match (m//) at cscript3462100899165149906.pl line 2837.
Use of uninitialized value $mount in pattern match (m//) at cscript3462100899165149906.pl line 2837.
Use of uninitialized value $mount in pattern match (m//) at cscript3462100899165149906.pl line 2837.
Use of uninitialized value $mount in concatenation (.) or string at cscript3462100899165149906.pl line 2840.
Use of uninitialized value in concatenation (.) or string at cscript3462100899165149906.pl line 2840.
Use of uninitialized value in concatenation (.) or string at cscript3462100899165149906.pl line 2840.
Use of uninitialized value $mount in pattern match (m//) at cscript3462100899165149906.pl line 2837.
Use of uninitialized value $mount in pattern match (m//) at cscript3462100899165149906.pl line 2837.
Use of uninitialized value $mount in pattern match (m//) at cscript3462100899165149906.pl line 2837.
Use of uninitialized value $mount in concatenation (.) or string at cscript3462100899165149906.pl line 2840.
Use of uninitialized value $mount in pattern match (m//) at cscript3462100899165149906.pl line 2837.
Use of uninitialized value $mount in pattern match (m//) at cscript3462100899165149906.pl line 2837.
Use of uninitialized value $mount in pattern match (m//) at cscript3462100899165149906.pl line 2837.
Use of uninitialized value $mount in concatenation (.) or string at cscript3462100899165149906.pl line 2840.
Use of uninitialized value in concatenation (.) or string at cscript3462100899165149906.pl line 2840.
Use of uninitialized value in concatenation (.) or string at cscript3462100899165149906.pl line 2840.
Use of uninitialized value $mount in pattern match (m//) at cscript3462100899165149906.pl line 2837.
Use of uninitialized value $mount in pattern match (m//) at cscript3462100899165149906.pl line 2837.
Use of uninitialized value $mount in pattern match (m//) at cscript3462100899165149906.pl line 2837.
Use of uninitialized value $mount in concatenation (.) or string at cscript3462100899165149906.pl line 2840.
Use of uninitialized value $mount in pattern match (m//) at cscript3462100899165149906.pl line 2837.
Use of uninitialized value $mount in pattern match (m//) at cscript3462100899165149906.pl line 2837.
Use of uninitialized value $mount in pattern match (m//) at cscript3462100899165149906.pl line 2837.
Use of uninitialized value $mount in concatenation (.) or string at cscript3462100899165149906.pl line 2840.
Use of uninitialized value in concatenation (.) or string at cscript3462100899165149906.pl line 2840.
Use of uninitialized value in concatenation (.) or string at cscript3462100899165149906.pl line 2840.
Use of uninitialized value $mount in pattern match (m//) at cscript3462100899165149906.pl line 2837.
Use of uninitialized value $mount in pattern match (m//) at cscript3462100899165149906.pl line 2837.
Use of uninitialized value $mount in pattern match (m//) at cscript3462100899165149906.pl line 2837.
Use of uninitialized value $mount in concatenation (.) or string at cscript3462100899165149906.pl line 2840.
send: Cannot determine peer address at cscript3462100899165149906.pl line 527
